<?xml version="1.0" encoding="UTF-8"?>
<!-- Generated by org.testng.reporters.JUnitReportReporter -->
<testsuite hostname="DESKTOP-UF9NFAU" failures="0" tests="2" name="Ecommerce.test.ErrorValidationTest" time="28.360" errors="0" timestamp="2023-02-21T15:48:46 SGT" skipped="0">
  <testcase classname="Ecommerce.test.ErrorValidationTest" name="LoginErrorValidation" time="9.097"/>
  <system-out/>
  <testcase classname="Ecommerce.test.ErrorValidationTest" name="ProductErrorValidation" time="19.263"/>
  <system-out/>
</testsuite> <!-- Ecommerce.test.ErrorValidationTest -->
