<?xml version="1.0" encoding="UTF-8"?>
<!-- Generated by org.testng.reporters.JUnitReportReporter -->
<testsuite hostname="DESKTOP-UF9NFAU" failures="0" tests="3" name="Ecommerce.test.SubmitOrderTest" time="47.937" errors="0" timestamp="2023-02-21T15:48:46 SGT" skipped="0">
  <testcase classname="Ecommerce.test.SubmitOrderTest" name="submitOrder" time="20.722"/>
  <system-out/>
  <testcase classname="Ecommerce.test.SubmitOrderTest" name="OrderHistoryTest" time="5.962"/>
  <system-out/>
  <testcase classname="Ecommerce.test.SubmitOrderTest" name="submitOrder" time="21.253"/>
  <system-out/>
</testsuite> <!-- Ecommerce.test.SubmitOrderTest -->
